slurmstepd: error: couldn't chdir to `/workspace': No such file or directory: going to /tmp instead
slurmstepd: error: couldn't chdir to `/workspace': No such file or directory: going to /tmp instead
slurmstepd: error: couldn't chdir to `/workspace': No such file or directory: going to /tmp instead
slurmstepd: error: couldn't chdir to `/workspace': No such file or directory: going to /tmp instead
slurmstepd: error: couldn't chdir to `/workspace': No such file or directory: going to /tmp instead
slurmstepd: error: couldn't chdir to `/workspace': No such file or directory: going to /tmp instead
slurmstepd: error: couldn't chdir to `/workspace': No such file or directory: going to /tmp instead
slurmstepd: error: couldn't chdir to `/workspace': No such file or directory: going to /tmp instead
W0424 10:22:18.203000 194978 torch/distributed/run.py:793] 
W0424 10:22:18.203000 194978 torch/distributed/run.py:793] *****************************************
W0424 10:22:18.203000 194978 torch/distributed/run.py:793] Setting OMP_NUM_THREADS environment variable for each process to be 1 in default, to avoid your system being overloaded, please further tune the variable for optimal performance in your application as needed. 
W0424 10:22:18.203000 194978 torch/distributed/run.py:793] *****************************************
W0424 10:22:19.019000 30451 torch/distributed/run.py:793] 
W0424 10:22:19.019000 30451 torch/distributed/run.py:793] *****************************************
W0424 10:22:19.019000 30451 torch/distributed/run.py:793] Setting OMP_NUM_THREADS environment variable for each process to be 1 in default, to avoid your system being overloaded, please further tune the variable for optimal performance in your application as needed. 
W0424 10:22:19.019000 30451 torch/distributed/run.py:793] *****************************************
W0424 10:22:19.448000 177295 torch/distributed/run.py:793] 
W0424 10:22:19.448000 177295 torch/distributed/run.py:793] *****************************************
W0424 10:22:19.448000 177295 torch/distributed/run.py:793] Setting OMP_NUM_THREADS environment variable for each process to be 1 in default, to avoid your system being overloaded, please further tune the variable for optimal performance in your application as needed. 
W0424 10:22:19.448000 177295 torch/distributed/run.py:793] *****************************************
W0424 10:22:19.512000 93655 torch/distributed/run.py:793] 
W0424 10:22:19.512000 93655 torch/distributed/run.py:793] *****************************************
W0424 10:22:19.512000 93655 torch/distributed/run.py:793] Setting OMP_NUM_THREADS environment variable for each process to be 1 in default, to avoid your system being overloaded, please further tune the variable for optimal performance in your application as needed. 
W0424 10:22:19.512000 93655 torch/distributed/run.py:793] *****************************************
[rank8]:[W424 10:22:27.610473127 ProcessGroupNCCL.cpp:4170] [PG ID 0 PG GUID 0 Rank 8]  using GPU 0 to perform barrier as devices used by this process are currently unknown. This can potentially cause a hang if this rank to GPU mapping is incorrect.Specify device_ids in barrier() to force use of a particular device,or call init_process_group() with a device_id.
[rank4]:[W424 10:22:27.866509218 ProcessGroupNCCL.cpp:4170] [PG ID 0 PG GUID 0 Rank 4]  using GPU 0 to perform barrier as devices used by this process are currently unknown. This can potentially cause a hang if this rank to GPU mapping is incorrect.Specify device_ids in barrier() to force use of a particular device,or call init_process_group() with a device_id.
[rank9]:[W424 10:22:27.682725946 ProcessGroupNCCL.cpp:4170] [PG ID 0 PG GUID 0 Rank 9]  using GPU 1 to perform barrier as devices used by this process are currently unknown. This can potentially cause a hang if this rank to GPU mapping is incorrect.Specify device_ids in barrier() to force use of a particular device,or call init_process_group() with a device_id.
[rank10]:[W424 10:22:27.722076881 ProcessGroupNCCL.cpp:4170] [PG ID 0 PG GUID 0 Rank 10]  using GPU 2 to perform barrier as devices used by this process are currently unknown. This can potentially cause a hang if this rank to GPU mapping is incorrect.Specify device_ids in barrier() to force use of a particular device,or call init_process_group() with a device_id.
[rank11]:[W424 10:22:27.732141217 ProcessGroupNCCL.cpp:4170] [PG ID 0 PG GUID 0 Rank 11]  using GPU 3 to perform barrier as devices used by this process are currently unknown. This can potentially cause a hang if this rank to GPU mapping is incorrect.Specify device_ids in barrier() to force use of a particular device,or call init_process_group() with a device_id.
[rank12]:[W424 10:22:27.123500314 ProcessGroupNCCL.cpp:4170] [PG ID 0 PG GUID 0 Rank 12]  using GPU 0 to perform barrier as devices used by this process are currently unknown. This can potentially cause a hang if this rank to GPU mapping is incorrect.Specify device_ids in barrier() to force use of a particular device,or call init_process_group() with a device_id.
[rank5]:[W424 10:22:27.003130426 ProcessGroupNCCL.cpp:4170] [PG ID 0 PG GUID 0 Rank 5]  using GPU 1 to perform barrier as devices used by this process are currently unknown. This can potentially cause a hang if this rank to GPU mapping is incorrect.Specify device_ids in barrier() to force use of a particular device,or call init_process_group() with a device_id.
[rank7]:[W424 10:22:27.003130330 ProcessGroupNCCL.cpp:4170] [PG ID 0 PG GUID 0 Rank 7]  using GPU 3 to perform barrier as devices used by this process are currently unknown. This can potentially cause a hang if this rank to GPU mapping is incorrect.Specify device_ids in barrier() to force use of a particular device,or call init_process_group() with a device_id.
[rank0]:[W424 10:22:28.927355349 ProcessGroupNCCL.cpp:4170] [PG ID 0 PG GUID 0 Rank 0]  using GPU 0 to perform barrier as devices used by this process are currently unknown. This can potentially cause a hang if this rank to GPU mapping is incorrect.Specify device_ids in barrier() to force use of a particular device,or call init_process_group() with a device_id.
[rank6]:[W424 10:22:28.072337626 ProcessGroupNCCL.cpp:4170] [PG ID 0 PG GUID 0 Rank 6]  using GPU 2 to perform barrier as devices used by this process are currently unknown. This can potentially cause a hang if this rank to GPU mapping is incorrect.Specify device_ids in barrier() to force use of a particular device,or call init_process_group() with a device_id.
[rank15]:[W424 10:22:28.273186059 ProcessGroupNCCL.cpp:4170] [PG ID 0 PG GUID 0 Rank 15]  using GPU 3 to perform barrier as devices used by this process are currently unknown. This can potentially cause a hang if this rank to GPU mapping is incorrect.Specify device_ids in barrier() to force use of a particular device,or call init_process_group() with a device_id.
[rank14]:[W424 10:22:28.273185931 ProcessGroupNCCL.cpp:4170] [PG ID 0 PG GUID 0 Rank 14]  using GPU 2 to perform barrier as devices used by this process are currently unknown. This can potentially cause a hang if this rank to GPU mapping is incorrect.Specify device_ids in barrier() to force use of a particular device,or call init_process_group() with a device_id.
[rank13]:[W424 10:22:28.302037767 ProcessGroupNCCL.cpp:4170] [PG ID 0 PG GUID 0 Rank 13]  using GPU 1 to perform barrier as devices used by this process are currently unknown. This can potentially cause a hang if this rank to GPU mapping is incorrect.Specify device_ids in barrier() to force use of a particular device,or call init_process_group() with a device_id.
[rank2]:[W424 10:22:28.052381714 ProcessGroupNCCL.cpp:4170] [PG ID 0 PG GUID 0 Rank 2]  using GPU 2 to perform barrier as devices used by this process are currently unknown. This can potentially cause a hang if this rank to GPU mapping is incorrect.Specify device_ids in barrier() to force use of a particular device,or call init_process_group() with a device_id.
[rank3]:[W424 10:22:28.112951342 ProcessGroupNCCL.cpp:4170] [PG ID 0 PG GUID 0 Rank 3]  using GPU 3 to perform barrier as devices used by this process are currently unknown. This can potentially cause a hang if this rank to GPU mapping is incorrect.Specify device_ids in barrier() to force use of a particular device,or call init_process_group() with a device_id.
[rank1]:[W424 10:22:28.127326910 ProcessGroupNCCL.cpp:4170] [PG ID 0 PG GUID 0 Rank 1]  using GPU 1 to perform barrier as devices used by this process are currently unknown. This can potentially cause a hang if this rank to GPU mapping is incorrect.Specify device_ids in barrier() to force use of a particular device,or call init_process_group() with a device_id.
